<?xml version="1.0" encoding="UTF-8"?>
<testng-results ignored="0" total="1" passed="1" failed="0" skipped="0">
  <reporter-output>
  </reporter-output>
  <suite started-at="2022-09-06T22:56:27 IST" name="Suite" finished-at="2022-09-06T22:57:03 IST" duration-ms="35247">
    <groups>
    </groups>
    <test started-at="2022-09-06T22:56:27 IST" name="Test" finished-at="2022-09-06T22:57:03 IST" duration-ms="35247">
      <class name="testlayer.LoginTest">
        <test-method is-config="true" signature="preSetUp()[pri:0, instance:testlayer.LoginTest@2b662a77]" started-at="2022-09-06T22:56:26 IST" name="preSetUp" finished-at="2022-09-06T22:56:27 IST" duration-ms="853" status="PASS">
          <reporter-output>
          </reporter-output>
        </test-method> <!-- preSetUp -->
        <test-method is-config="true" signature="setUp()[pri:0, instance:testlayer.LoginTest@2b662a77]" started-at="2022-09-06T22:56:27 IST" name="setUp" finished-at="2022-09-06T22:56:46 IST" duration-ms="18581" status="PASS">
          <reporter-output>
          </reporter-output>
        </test-method> <!-- setUp -->
        <test-method signature="toVerifySearchAppleProduct(java.lang.String)[pri:0, instance:testlayer.LoginTest@2b662a77]" started-at="2022-09-06T22:56:46 IST" name="toVerifySearchAppleProduct" finished-at="2022-09-06T22:57:01 IST" duration-ms="15477" status="PASS">
          <params>
            <param index="0">
              <value>
                <![CDATA[iphone 11]]>
              </value>
            </param>
          </params>
          <reporter-output>
          </reporter-output>
        </test-method> <!-- toVerifySearchAppleProduct -->
        <test-method is-config="true" signature="postTestTation(org.testng.ITestResult)[pri:0, instance:testlayer.LoginTest@2b662a77]" started-at="2022-09-06T22:57:02 IST" name="postTestTation" finished-at="2022-09-06T22:57:02 IST" duration-ms="4" status="PASS">
          <params>
            <param index="0">
              <value>
                <![CDATA[[TestResult name=toVerifySearchAppleProduct status=SUCCESS method=LoginTest.toVerifySearchAppleProduct(java.lang.String)[pri:0, instance:testlayer.LoginTest@2b662a77] output={null}]]]>
              </value>
            </param>
          </params>
          <reporter-output>
          </reporter-output>
        </test-method> <!-- postTestTation -->
        <test-method is-config="true" signature="tearDown()[pri:0, instance:testlayer.LoginTest@2b662a77]" started-at="2022-09-06T22:57:02 IST" name="tearDown" finished-at="2022-09-06T22:57:03 IST" duration-ms="1058" status="PASS">
          <reporter-output>
          </reporter-output>
        </test-method> <!-- tearDown -->
        <test-method is-config="true" signature="postTearDown()[pri:0, instance:testlayer.LoginTest@2b662a77]" started-at="2022-09-06T22:57:03 IST" name="postTearDown" finished-at="2022-09-06T22:57:04 IST" duration-ms="1491" status="PASS">
          <reporter-output>
          </reporter-output>
        </test-method> <!-- postTearDown -->
      </class> <!-- testlayer.LoginTest -->
    </test> <!-- Test -->
  </suite> <!-- Suite -->
</testng-results>
